
C51ASM V1.2             Copyright (c) 2009 Atmel Corp.            PAGE 1





        8051 Macro Assembler   C 5 1 A S M   V 1.2
        ==========================================



        Source File:     C:\p8.msa
        Object File(s):  C:\p8.hex
        List File:       C:\p8.lst



 Line    I  Addr Code           Source

    1:           N      8200    org 8200h
    2:                          
    3:      8200 D2 B4          setb p3.4
    4:      8202 D2 97          setb p1.7
    5:      8204 90 82 39       mov dptr,#tab
    6:      8207 74 00          mov a,#0
    7:                          
    8:                          loop:
    9:      8209 90 82 39       	mov dptr,#tab
   10:                          loop1:
   11:      820C 30 97 05       	jnb p1.7,loop2
   12:      820F 30 B4 0B       	jnb p3.4,loop3
   13:      8212 80 F8          	jmp loop1
   14:                          	
   15:                          loop2:
   16:      8214 05 E0          	inc acc
   17:      8216 B4 0A 10       	cjne a, #10, loop4
   18:      8219 C2 B5          	clr p3.5
   19:                          
   20:      821B 80 EF          	jmp loop1
   21:                          loop3:
   22:      821D D2 B4          	setb p3.4
   23:      821F 15 E0          	dec acc
   24:      8221 12 82 31       	call visdis
   25:      8224 30 B4 FD       	jnb p3.4,$
   26:      8227 80 E3          	jmp loop1
   27:                          loop4:
   28:      8229 12 82 31       	call visdis
   29:      822C 30 97 FD       	jnb p1.7,$
   30:      822F 80 DB          	jmp loop1
   31:                          visdis:
   32:      8231 C0 E0          	push acc
   33:      8233 93             	movc a, @a+dptr
   34:      8234 F5 90          	mov p1,a
   35:      8236 D0 E0          	pop acc
   36:      8238 22             	ret
   37:                          
   38:                          tab:
   39:      8239 C0             	db 11000000b
   40:      823A F9             	db 11111001b
   41:      823B A4             	db 10100100b
   42:      823C B0             	db 10110000b
   43:      823D 99             	db 10011001b

C51ASM V1.2             Copyright (c) 2009 Atmel Corp.            PAGE 2



 Line    I  Addr Code           Source

   44:      823E 92             	db 10010010b
   45:      823F 82             	db 10000010b
   46:      8240 F8             	db 11111000b
   47:      8241 80             	db 10000000b
   48:      8242 90             	db 10010000b
   49:                          
   50:                          rit:
   51:      8243 78 0A          	mov r0,#10
   52:                          ld:
   53:      8245 79 64          	mov r1,#100
   54:      8247 D9 FE          	djnz r1,$
   55:      8249 D8 FA          	djnz r0,ld
   56:      824B 22             	ret
   57:                          end

C51ASM V1.2             Copyright (c) 2009 Atmel Corp.            PAGE 3




Segment usage:
   Code      :     76 bytes
   Data      :      0 bytes
   Idata     :      0 bytes
   Edata     :      0 bytes
   Fdata     :      0 bytes
   Xdata     :      0 bytes
   Bit       :      0 bits

   Register banks used: ---

   Warnings: 0
   Errors:   0


C51ASM V1.2             Copyright (c) 2009 Atmel Corp.            PAGE 4



              L I S T   O F   S Y M B O L S
              =============================


SYMBOL                           TYPE     VALUE     LINE
--------------------------------------------------------
??C51ASM                         NUMBER   8051
??CODE_SIZE                      NUMBER   0000
??DEVICE                         NUMBER   0000
??ERAM_SIZE                      NUMBER   0000
??FDATA_SIZE                     NUMBER   0000
??RAM_SIZE                       NUMBER   0100
??VERSION                        NUMBER   0120
??_AT89C2051_                    NUMBER   001B
??_AT89C4051_                    NUMBER   001C
??_AT89C51ED2_                   NUMBER   0026
??_AT89C51IC2_                   NUMBER   0024
??_AT89C51ID2_                   NUMBER   0025
??_AT89C51RB2_                   NUMBER   0021
??_AT89C51RC2_                   NUMBER   0022
??_AT89C51RC_                    NUMBER   0020
??_AT89C51RD2_                   NUMBER   0023
??_AT89C51_                      NUMBER   001D
??_AT89C52_                      NUMBER   001E
??_AT89C55WD_                    NUMBER   001F
??_AT89LP2052_                   NUMBER   0001
??_AT89LP213_                    NUMBER   0003
??_AT89LP214_                    NUMBER   0004
??_AT89LP216_                    NUMBER   0005
??_AT89LP3240_                   NUMBER   000A
??_AT89LP4052_                   NUMBER   0002
??_AT89LP428_                    NUMBER   0006
??_AT89LP51ED2_                  NUMBER   0011
??_AT89LP51IC2_                  NUMBER   000E
??_AT89LP51ID2_                  NUMBER   0010
??_AT89LP51RB2_                  NUMBER   000C
??_AT89LP51RC2_                  NUMBER   000D
??_AT89LP51RD2_                  NUMBER   000F
??_AT89LP51_                     NUMBER   0007
??_AT89LP52_                     NUMBER   0008
??_AT89LP6440_                   NUMBER   000B
??_AT89LP828_                    NUMBER   0009
??_AT89LS51_                     NUMBER   0019
??_AT89LS52_                     NUMBER   001A
??_AT89S2051_                    NUMBER   0012
??_AT89S4051_                    NUMBER   0013
??_AT89S51_                      NUMBER   0014
??_AT89S52_                      NUMBER   0015
??_AT89S53_                      NUMBER   0016
??_AT89S8252_                    NUMBER   0017
??_AT89S8253_                    NUMBER   0018
??_DEFAULT_                      NUMBER   0000
AC                               BIT        D6
ACC                              DATA       E0
B                                DATA       F0
CY                               BIT        D7
DPH                              DATA       83
DPL                              DATA       82
EA                               BIT        AF
ES                               BIT        AC
ET0                              BIT        A9

C51ASM V1.2             Copyright (c) 2009 Atmel Corp.            PAGE 5



SYMBOL                           TYPE     VALUE     LINE
--------------------------------------------------------
ET1                              BIT        AB
EX0                              BIT        A8
EX1                              BIT        AA
F0                               BIT        D5
IE                               DATA       A8
IE0                              BIT        89
IE1                              BIT        8B
INT0                             BIT        B2
INT1                             BIT        B3
IP                               DATA       B8
IT0                              BIT        88
IT1                              BIT        8A
LD                               CODE     8245        52
LOOP                             CODE     8209         8
LOOP1                            CODE     820C        10
LOOP2                            CODE     8214        15
LOOP3                            CODE     821D        21
LOOP4                            CODE     8229        27
OV                               BIT        D2
P                                BIT        D0
P0                               DATA       80
P1                               DATA       90
P2                               DATA       A0
P3                               DATA       B0
PCON                             DATA       87
PS                               BIT        BC
PSW                              DATA       D0
PT0                              BIT        B9
PT1                              BIT        BB
PX0                              BIT        B8
PX1                              BIT        BA
RB8                              BIT        9A
RD                               BIT        B7
REN                              BIT        9C
RI                               BIT        98
RIT                              CODE     8243        50
RS0                              BIT        D3
RS1                              BIT        D4
RXD                              BIT        B0
SBUF                             DATA       99
SCON                             DATA       98
SM0                              BIT        9F
SM1                              BIT        9E
SM2                              BIT        9D
SP                               DATA       81
T0                               BIT        B4
T1                               BIT        B5
TAB                              CODE     8239        38
TB8                              BIT        9B
TCON                             DATA       88
TF0                              BIT        8D
TF1                              BIT        8F
TH0                              DATA       8C
TH1                              DATA       8D
TI                               BIT        99
TL0                              DATA       8A
TL1                              DATA       8B
TMOD                             DATA       89
TR0                              BIT        8C

C51ASM V1.2             Copyright (c) 2009 Atmel Corp.            PAGE 6



SYMBOL                           TYPE     VALUE     LINE
--------------------------------------------------------
TR1                              BIT        8E
TXD                              BIT        B1
VISDIS                           CODE     8231        31
WR                               BIT        B6
